2025-02-24 23:07:31,333 - INFO - Logging initialized.
2025-02-24 23:07:31,334 - INFO - Fetching data for GDP (NY.GDP.MKTP.CD)...
2025-02-24 23:07:31,380 - INFO - Successfully fetched GDP data.
2025-02-24 23:07:31,381 - INFO - Processing GDP data...
2025-02-24 23:07:31,389 - INFO - Successfully processed GDP data.
2025-02-24 23:07:31,425 - INFO - Successfully saved GDP data to data\GDP_cleaned_data_daily.csv.
2025-02-24 23:07:31,425 - INFO - Fetching data for CPI (FP.CPI.TOTL.ZG)...
2025-02-24 23:07:31,431 - INFO - Successfully fetched CPI data.
2025-02-24 23:07:31,432 - INFO - Processing CPI data...
2025-02-24 23:07:31,439 - INFO - Successfully processed CPI data.
2025-02-24 23:07:31,474 - INFO - Successfully saved CPI data to data\CPI_cleaned_data_daily.csv.
2025-02-24 23:07:31,482 - INFO - Fetching data for Unemployment_Rate (SL.UEM.TOTL.ZS)...
2025-02-24 23:07:31,488 - INFO - Successfully fetched Unemployment_Rate data.
2025-02-24 23:07:31,489 - INFO - Processing Unemployment_Rate data...
2025-02-24 23:07:31,494 - INFO - Successfully processed Unemployment_Rate data.
2025-02-24 23:07:31,530 - INFO - Successfully saved Unemployment_Rate data to data\Unemployment_Rate_cleaned_data_daily.csv.
2025-02-24 23:07:31,530 - INFO - Fetching data for Exchange_Rate (PA.NUS.FCRF)...
2025-02-24 23:07:31,535 - INFO - Successfully fetched Exchange_Rate data.
2025-02-24 23:07:31,535 - INFO - Processing Exchange_Rate data...
2025-02-24 23:07:31,544 - INFO - Successfully processed Exchange_Rate data.
2025-02-24 23:07:31,565 - INFO - Successfully saved Exchange_Rate data to data\Exchange_Rate_cleaned_data_daily.csv.
2025-02-24 23:38:13,054 - INFO - Logging initialized.
2025-02-24 23:38:13,055 - INFO - Fetching data for GDP (NY.GDP.MKTP.CD)...
2025-02-24 23:38:13,131 - INFO - Successfully fetched GDP data.
2025-02-24 23:38:13,133 - INFO - Processing GDP data...
2025-02-24 23:38:13,148 - INFO - Successfully processed GDP data.
2025-02-24 23:38:13,207 - INFO - Successfully saved GDP data to data\GDP_cleaned_data_daily.csv.
2025-02-24 23:38:13,208 - INFO - Fetching data for CPI (FP.CPI.TOTL.ZG)...
2025-02-24 23:38:13,219 - INFO - Successfully fetched CPI data.
2025-02-24 23:38:13,220 - INFO - Processing CPI data...
2025-02-24 23:38:13,232 - INFO - Successfully processed CPI data.
2025-02-24 23:38:13,280 - INFO - Successfully saved CPI data to data\CPI_cleaned_data_daily.csv.
2025-02-24 23:38:13,281 - INFO - Fetching data for Unemployment_Rate (SL.UEM.TOTL.ZS)...
2025-02-24 23:38:13,287 - INFO - Successfully fetched Unemployment_Rate data.
2025-02-24 23:38:13,288 - INFO - Processing Unemployment_Rate data...
2025-02-24 23:38:13,297 - INFO - Successfully processed Unemployment_Rate data.
2025-02-24 23:38:13,340 - INFO - Successfully saved Unemployment_Rate data to data\Unemployment_Rate_cleaned_data_daily.csv.
2025-02-24 23:38:13,341 - INFO - Fetching data for Exchange_Rate (PA.NUS.FCRF)...
2025-02-24 23:38:13,349 - INFO - Successfully fetched Exchange_Rate data.
2025-02-24 23:38:13,350 - INFO - Processing Exchange_Rate data...
2025-02-24 23:38:13,357 - INFO - Successfully processed Exchange_Rate data.
2025-02-24 23:38:13,386 - INFO - Successfully saved Exchange_Rate data to data\Exchange_Rate_cleaned_data_daily.csv.
2025-02-24 23:38:13,387 - INFO - Fetching data for Fracking from data/Fracking_Data.csv...
2025-02-24 23:38:13,388 - ERROR - Error fetching Fracking data: [Errno 2] No such file or directory: 'data/Fracking_Data.csv'
2025-02-24 23:38:13,389 - WARNING - Skipping processing for Fracking: No data available.
2025-02-24 23:38:13,390 - INFO - Fetching data for Renewable_Energy from data/Renewable_Energy_Data.csv...
2025-02-24 23:38:13,391 - ERROR - Error fetching Renewable_Energy data: [Errno 2] No such file or directory: 'data/Renewable_Energy_Data.csv'
2025-02-24 23:38:13,391 - WARNING - Skipping processing for Renewable_Energy: No data available.
2025-02-24 23:38:13,392 - INFO - Fetching data for Fuel_Efficiency from data/Fuel_Efficiency_Data.csv...
2025-02-24 23:38:13,393 - ERROR - Error fetching Fuel_Efficiency data: [Errno 2] No such file or directory: 'data/Fuel_Efficiency_Data.csv'
2025-02-24 23:38:13,394 - WARNING - Skipping processing for Fuel_Efficiency: No data available.
2025-02-24 23:38:13,395 - INFO - Fetching data for Environmental_Regulations from data/Environmental_Regulations_Data.csv...
2025-02-24 23:38:13,396 - ERROR - Error fetching Environmental_Regulations data: [Errno 2] No such file or directory: 'data/Environmental_Regulations_Data.csv'
2025-02-24 23:38:13,397 - WARNING - Skipping processing for Environmental_Regulations: No data available.
2025-02-24 23:38:13,398 - INFO - Fetching data for Trade_Policies from data/Trade_Policies_Data.csv...
2025-02-24 23:38:13,399 - ERROR - Error fetching Trade_Policies data: [Errno 2] No such file or directory: 'data/Trade_Policies_Data.csv'
2025-02-24 23:38:13,399 - WARNING - Skipping processing for Trade_Policies: No data available.
2025-02-24 23:40:55,206 - INFO - Logging initialized.
2025-02-24 23:40:55,207 - INFO - Fetching data for GDP (NY.GDP.MKTP.CD)...
2025-02-24 23:40:55,264 - INFO - Successfully fetched GDP data.
2025-02-24 23:40:55,266 - INFO - Processing GDP data...
2025-02-24 23:40:55,278 - INFO - Successfully processed GDP data.
2025-02-24 23:40:55,331 - INFO - Successfully saved GDP data to data\GDP_cleaned_data_daily.csv.
2025-02-24 23:40:55,332 - INFO - Fetching data for CPI (FP.CPI.TOTL.ZG)...
2025-02-24 23:40:55,340 - INFO - Successfully fetched CPI data.
2025-02-24 23:40:55,341 - INFO - Processing CPI data...
2025-02-24 23:40:55,350 - INFO - Successfully processed CPI data.
2025-02-24 23:40:55,400 - INFO - Successfully saved CPI data to data\CPI_cleaned_data_daily.csv.
2025-02-24 23:40:55,400 - INFO - Fetching data for Unemployment_Rate (SL.UEM.TOTL.ZS)...
2025-02-24 23:40:55,410 - INFO - Successfully fetched Unemployment_Rate data.
2025-02-24 23:40:55,411 - INFO - Processing Unemployment_Rate data...
2025-02-24 23:40:55,418 - INFO - Successfully processed Unemployment_Rate data.
2025-02-24 23:40:55,462 - INFO - Successfully saved Unemployment_Rate data to data\Unemployment_Rate_cleaned_data_daily.csv.
2025-02-24 23:40:55,462 - INFO - Fetching data for Exchange_Rate (PA.NUS.FCRF)...
2025-02-24 23:40:55,468 - INFO - Successfully fetched Exchange_Rate data.
2025-02-24 23:40:55,469 - INFO - Processing Exchange_Rate data...
2025-02-24 23:40:55,476 - INFO - Successfully processed Exchange_Rate data.
2025-02-24 23:40:55,514 - INFO - Successfully saved Exchange_Rate data to data\Exchange_Rate_cleaned_data_daily.csv.
2025-02-24 23:40:55,515 - INFO - Fetching data for Fracking from data/Fracking_Data.csv...
2025-02-24 23:40:55,517 - ERROR - Error fetching Fracking data: No columns to parse from file
2025-02-24 23:40:55,517 - WARNING - Skipping processing for Fracking: No data available.
2025-02-24 23:40:55,518 - INFO - Fetching data for Renewable_Energy from data/Renewable_Energy_Data.csv...
2025-02-24 23:40:55,519 - ERROR - Error fetching Renewable_Energy data: No columns to parse from file
2025-02-24 23:40:55,520 - WARNING - Skipping processing for Renewable_Energy: No data available.
2025-02-24 23:40:55,522 - INFO - Fetching data for Fuel_Efficiency from data/Fuel_Efficiency_Data.csv...
2025-02-24 23:40:55,523 - ERROR - Error fetching Fuel_Efficiency data: No columns to parse from file
2025-02-24 23:40:55,524 - WARNING - Skipping processing for Fuel_Efficiency: No data available.
2025-02-24 23:40:55,525 - INFO - Fetching data for Environmental_Regulations from data/Environmental_Regulations_Data.csv...
2025-02-24 23:40:55,526 - ERROR - Error fetching Environmental_Regulations data: No columns to parse from file
2025-02-24 23:40:55,527 - WARNING - Skipping processing for Environmental_Regulations: No data available.
2025-02-24 23:40:55,527 - INFO - Fetching data for Trade_Policies from data/Trade_Policies_Data.csv...
2025-02-24 23:40:55,529 - ERROR - Error fetching Trade_Policies data: No columns to parse from file
2025-02-24 23:40:55,529 - WARNING - Skipping processing for Trade_Policies: No data available.
